

============================== 2022-03-04 12:37:18.411889 | 10352820-320d-4be9-9cc9-e0a0190fc25e ==============================
12:37:18.411889 [info ] [MainThread]: Running with dbt=1.0.3
12:37:18.412104 [debug] [MainThread]: running dbt with arguments Namespace(record_timing_info=None, debug=None, log_format=None, write_json=None, use_colors=None, printer_width=None, warn_error=None, version_check=None, partial_parse=None, single_threaded=False, use_experimental_parser=None, static_parser=None, profiles_dir='/Users/vaishvik/.dbt', send_anonymous_usage_stats=None, fail_fast=None, event_buffer_size=None, project_dir=None, profile=None, target=None, vars='{}', log_cache_events=False, project_name='jaffle_shop', skip_profile_setup=False, defer=None, state=None, cls=<class 'dbt.task.init.InitTask'>, which='init', rpc_method=None)
12:37:18.412191 [debug] [MainThread]: Tracking: tracking
12:37:18.420200 [debug] [MainThread]: Sending event: {'category': 'dbt', 'action': 'invocation', 'label': 'start', 'context': [<snowplow_tracker.self_describing_json.SelfDescribingJson object at 0x106355490>, <snowplow_tracker.self_describing_json.SelfDescribingJson object at 0x106355280>, <snowplow_tracker.self_describing_json.SelfDescribingJson object at 0x106355a30>]}
12:37:18.421218 [debug] [MainThread]: Starter project path: /opt/homebrew/Cellar/dbt-postgres/1.0.3/libexec/lib/python3.9/site-packages/dbt/include/starter_project
12:37:27.857089 [info ] [MainThread]: 
Your new dbt project "jaffle_shop" was created!

For more information on how to configure the profiles.yml file,
please consult the dbt documentation here:

  https://docs.getdbt.com/docs/configure-your-profile

One more thing:

Need help? Don't hesitate to reach out to us via GitHub issues or on Slack:

  https://community.getdbt.com/

Happy modeling!

12:37:27.857497 [debug] [MainThread]: Sending event: {'category': 'dbt', 'action': 'invocation', 'label': 'end', 'context': [<snowplow_tracker.self_describing_json.SelfDescribingJson object at 0x106339670>, <snowplow_tracker.self_describing_json.SelfDescribingJson object at 0x106339850>, <snowplow_tracker.self_describing_json.SelfDescribingJson object at 0x106339af0>]}


============================== 2022-03-04 12:40:34.880947 | bc38dab7-8f01-4505-a3a4-d6f94f3468aa ==============================
12:40:34.880947 [info ] [MainThread]: Running with dbt=1.0.3
12:40:34.881263 [debug] [MainThread]: running dbt with arguments Namespace(record_timing_info=None, debug=None, log_format=None, write_json=None, use_colors=None, printer_width=None, warn_error=None, version_check=None, partial_parse=None, single_threaded=False, use_experimental_parser=None, static_parser=None, profiles_dir='/Users/vaishvik/.dbt', send_anonymous_usage_stats=None, fail_fast=None, event_buffer_size=None, project_dir=None, profile=None, target=None, vars='{}', log_cache_events=False, config_dir=False, defer=None, state=None, cls=<class 'dbt.task.debug.DebugTask'>, which='debug', rpc_method=None)
12:40:34.881349 [debug] [MainThread]: Tracking: tracking
12:40:34.886983 [debug] [MainThread]: Sending event: {'category': 'dbt', 'action': 'invocation', 'label': 'start', 'context': [<snowplow_tracker.self_describing_json.SelfDescribingJson object at 0x107618b50>, <snowplow_tracker.self_describing_json.SelfDescribingJson object at 0x107618af0>, <snowplow_tracker.self_describing_json.SelfDescribingJson object at 0x107618bb0>]}
12:40:34.916779 [debug] [MainThread]: Executing "git --help"
12:40:34.923762 [debug] [MainThread]: STDOUT: "b"usage: git [--version] [--help] [-C <path>] [-c <name>=<value>]\n           [--exec-path[=<path>]] [--html-path] [--man-path] [--info-path]\n           [-p | --paginate | -P | --no-pager] [--no-replace-objects] [--bare]\n           [--git-dir=<path>] [--work-tree=<path>] [--namespace=<name>]\n           [--super-prefix=<path>] [--config-env=<name>=<envvar>]\n           <command> [<args>]\n\nThese are common Git commands used in various situations:\n\nstart a working area (see also: git help tutorial)\n   clone             Clone a repository into a new directory\n   init              Create an empty Git repository or reinitialize an existing one\n\nwork on the current change (see also: git help everyday)\n   add               Add file contents to the index\n   mv                Move or rename a file, a directory, or a symlink\n   restore           Restore working tree files\n   rm                Remove files from the working tree and from the index\n   sparse-checkout   Initialize and modify the sparse-checkout\n\nexamine the history and state (see also: git help revisions)\n   bisect            Use binary search to find the commit that introduced a bug\n   diff              Show changes between commits, commit and working tree, etc\n   grep              Print lines matching a pattern\n   log               Show commit logs\n   show              Show various types of objects\n   status            Show the working tree status\n\ngrow, mark and tweak your common history\n   branch            List, create, or delete branches\n   commit            Record changes to the repository\n   merge             Join two or more development histories together\n   rebase            Reapply commits on top of another base tip\n   reset             Reset current HEAD to the specified state\n   switch            Switch branches\n   tag               Create, list, delete or verify a tag object signed with GPG\n\ncollaborate (see also: git help workflows)\n   fetch             Download objects and refs from another repository\n   pull              Fetch from and integrate with another repository or a local branch\n   push              Update remote refs along with associated objects\n\n'git help -a' and 'git help -g' list available subcommands and some\nconcept guides. See 'git help <command>' or 'git help <concept>'\nto read about a specific subcommand or concept.\nSee 'git help git' for an overview of the system.\n""
12:40:34.924007 [debug] [MainThread]: STDERR: "b''"
12:40:34.929213 [debug] [MainThread]: Acquiring new postgres connection "debug"
12:40:34.929505 [debug] [MainThread]: Using postgres connection "debug"
12:40:34.929579 [debug] [MainThread]: On debug: select 1 as id
12:40:34.929649 [debug] [MainThread]: Opening a new connection, currently in state init
12:40:35.016942 [debug] [MainThread]: SQL status: SELECT 1 in 0.09 seconds
12:40:35.018180 [debug] [MainThread]: On debug: Close
12:40:35.018527 [debug] [MainThread]: Sending event: {'category': 'dbt', 'action': 'invocation', 'label': 'end', 'context': [<snowplow_tracker.self_describing_json.SelfDescribingJson object at 0x10793d100>, <snowplow_tracker.self_describing_json.SelfDescribingJson object at 0x10793dbe0>, <snowplow_tracker.self_describing_json.SelfDescribingJson object at 0x10793d220>]}
12:40:36.050207 [debug] [MainThread]: Connection 'debug' was properly closed.
